\BOOKMARK [0][-]{chapter*.3}{Abbildungsverzeichnis}{}% 1
\BOOKMARK [0][-]{chapter*.4}{Tabellenverzeichnis}{}% 2
\BOOKMARK [0][-]{chapter.1}{Einleitung}{}% 3
\BOOKMARK [0][-]{chapter.2}{Grundlagen}{}% 4
\BOOKMARK [1][-]{section.2.1}{Netzwerktheorie}{chapter.2}% 5
\BOOKMARK [1][-]{section.2.2}{Sicherheit}{chapter.2}% 6
\BOOKMARK [1][-]{section.2.3}{Authenticated\040Encryption\040with\040Associated\040Data}{chapter.2}% 7
\BOOKMARK [1][-]{section.2.4}{Media\040Access\040Control\040Security\040-\040MACsec}{chapter.2}% 8
\BOOKMARK [1][-]{section.2.5}{Softwareoptimierung}{chapter.2}% 9
\BOOKMARK [0][-]{chapter.3}{AEAD\040Algorithmen}{}% 10
\BOOKMARK [1][-]{section.3.1}{CAESAR\040Competition}{chapter.3}% 11
\BOOKMARK [1][-]{section.3.2}{CAESAR\040Performance\040Analyse}{chapter.3}% 12
\BOOKMARK [1][-]{section.3.3}{Ausgewählte Verschlüsselungsalgorithmen}{chapter.3}% 13
\BOOKMARK [0][-]{chapter.4}{Implementation}{}% 14
\BOOKMARK [1][-]{section.4.1}{Linux}{chapter.4}% 15
\BOOKMARK [1][-]{section.4.2}{MACsec\040Kernel\040Modul}{chapter.4}% 16
\BOOKMARK [1][-]{section.4.3}{iproute2}{chapter.4}% 17
\BOOKMARK [1][-]{section.4.4}{MACsec\040Erweiterung}{chapter.4}% 18
\BOOKMARK [1][-]{section.4.5}{Herausforderungen}{chapter.4}% 19
\BOOKMARK [0][-]{chapter.5}{Evaluation}{}% 20
\BOOKMARK [1][-]{section.5.1}{Testaufbau}{chapter.5}% 21
\BOOKMARK [1][-]{section.5.2}{Sicherheitsevaluation}{chapter.5}% 22
\BOOKMARK [1][-]{section.5.3}{Resultate}{chapter.5}% 23
\BOOKMARK [0][-]{chapter.6}{Fazit}{}% 24
\BOOKMARK [0][-]{chapter.7}{Appendix}{}% 25
\BOOKMARK [1][-]{section.7.1}{Iperf3\040Testergebnisse}{chapter.7}% 26
\BOOKMARK [1][-]{section.7.2}{ping\040Testergebnisse}{chapter.7}% 27
\BOOKMARK [0][-]{section*.32}{Akronyme}{}% 28
\BOOKMARK [0][-]{chapter*.34}{Literatur}{}% 29
